<?xml version="1.0" encoding="UTF-8"?>
<testng-results skipped="0" failed="0" total="1" passed="1">
  <reporter-output>
  </reporter-output>
  <suite name="Default suite" duration-ms="44164" started-at="2021-04-30T07:37:39Z" finished-at="2021-04-30T07:38:24Z">
    <groups>
    </groups>
    <test name="Default test" duration-ms="44164" started-at="2021-04-30T07:37:39Z" finished-at="2021-04-30T07:38:24Z">
      <class name="orangehrm.tests.AdminLoginTestwithValidData">
        <test-method status="PASS" signature="launchApp()[pri:0, instance:orangehrm.tests.AdminLoginTestwithValidData@6833ce2c]" name="launchApp" is-config="true" duration-ms="18936" started-at="2021-04-30T13:07:39Z" finished-at="2021-04-30T13:07:58Z">
          <reporter-output>
          </reporter-output>
        </test-method> <!-- launchApp -->
        <test-method status="PASS" signature="checkAdminLogin()[pri:0, instance:orangehrm.tests.AdminLoginTestwithValidData@6833ce2c]" name="checkAdminLogin" duration-ms="24560" started-at="2021-04-30T13:07:58Z" finished-at="2021-04-30T13:08:23Z">
          <reporter-output>
          </reporter-output>
        </test-method> <!-- checkAdminLogin -->
        <test-method status="PASS" signature="closeApp()[pri:0, instance:orangehrm.tests.AdminLoginTestwithValidData@6833ce2c]" name="closeApp" is-config="true" duration-ms="631" started-at="2021-04-30T13:08:23Z" finished-at="2021-04-30T13:08:24Z">
          <reporter-output>
          </reporter-output>
        </test-method> <!-- closeApp -->
      </class> <!-- orangehrm.tests.AdminLoginTestwithValidData -->
    </test> <!-- Default test -->
  </suite> <!-- Default suite -->
</testng-results>
